{"C:\\Users\\susha\\Desktop\\chaat-support\\chatsupport\\backend\\controllers\\agent.controller.js": {"path":"C:\\Users\\susha\\Desktop\\chaat-support\\chatsupport\\backend\\controllers\\agent.controller.js","statementMap":{"0":{"start":{"line":1,"column":14},"end":{"line":1,"column":46}},"1":{"start":{"line":2,"column":15},"end":{"line":2,"column":34}},"2":{"start":{"line":4,"column":26},"end":{"line":23,"column":1}},"3":{"start":{"line":5,"column":19},"end":{"line":5,"column":47}},"4":{"start":{"line":6,"column":2},"end":{"line":6,"column":27}},"5":{"start":{"line":6,"column":20},"end":{"line":6,"column":27}},"6":{"start":{"line":8,"column":15},"end":{"line":8,"column":48}},"7":{"start":{"line":8,"column":29},"end":{"line":8,"column":48}},"8":{"start":{"line":10,"column":24},"end":{"line":16,"column":3}},"9":{"start":{"line":18,"column":2},"end":{"line":22,"column":3}},"10":{"start":{"line":19,"column":4},"end":{"line":19,"column":42}},"11":{"start":{"line":21,"column":4},"end":{"line":21,"column":58}},"12":{"start":{"line":25,"column":18},"end":{"line":35,"column":1}},"13":{"start":{"line":26,"column":2},"end":{"line":34,"column":3}},"14":{"start":{"line":27,"column":22},"end":{"line":27,"column":43}},"15":{"start":{"line":28,"column":19},"end":{"line":28,"column":49}},"16":{"start":{"line":29,"column":19},"end":{"line":29,"column":94}},"17":{"start":{"line":30,"column":4},"end":{"line":30,"column":21}},"18":{"start":{"line":32,"column":4},"end":{"line":32,"column":51}},"19":{"start":{"line":33,"column":4},"end":{"line":33,"column":76}},"20":{"start":{"line":37,"column":20},"end":{"line":68,"column":1}},"21":{"start":{"line":38,"column":2},"end":{"line":67,"column":3}},"22":{"start":{"line":39,"column":64},"end":{"line":39,"column":72}},"23":{"start":{"line":40,"column":4},"end":{"line":42,"column":5}},"24":{"start":{"line":41,"column":6},"end":{"line":41,"column":74}},"25":{"start":{"line":44,"column":4},"end":{"line":46,"column":5}},"26":{"start":{"line":45,"column":6},"end":{"line":45,"column":89}},"27":{"start":{"line":48,"column":21},"end":{"line":48,"column":72}},"28":{"start":{"line":49,"column":4},"end":{"line":49,"column":102}},"29":{"start":{"line":49,"column":18},"end":{"line":49,"column":102}},"30":{"start":{"line":51,"column":27},"end":{"line":51,"column":58}},"31":{"start":{"line":52,"column":23},"end":{"line":61,"column":13}},"32":{"start":{"line":63,"column":4},"end":{"line":63,"column":37}},"33":{"start":{"line":65,"column":4},"end":{"line":65,"column":50}},"34":{"start":{"line":66,"column":4},"end":{"line":66,"column":78}},"35":{"start":{"line":70,"column":20},"end":{"line":87,"column":1}},"36":{"start":{"line":71,"column":2},"end":{"line":86,"column":3}},"37":{"start":{"line":72,"column":19},"end":{"line":72,"column":29}},"38":{"start":{"line":73,"column":20},"end":{"line":73,"column":35}},"39":{"start":{"line":74,"column":4},"end":{"line":74,"column":28}},"40":{"start":{"line":75,"column":4},"end":{"line":75,"column":29}},"41":{"start":{"line":77,"column":18},"end":{"line":77,"column":42}},"42":{"start":{"line":78,"column":4},"end":{"line":78,"column":76}},"43":{"start":{"line":78,"column":16},"end":{"line":78,"column":76}},"44":{"start":{"line":80,"column":4},"end":{"line":80,"column":34}},"45":{"start":{"line":81,"column":18},"end":{"line":81,"column":36}},"46":{"start":{"line":82,"column":4},"end":{"line":82,"column":20}},"47":{"start":{"line":84,"column":4},"end":{"line":84,"column":50}},"48":{"start":{"line":85,"column":4},"end":{"line":85,"column":78}},"49":{"start":{"line":89,"column":20},"end":{"line":99,"column":1}},"50":{"start":{"line":90,"column":2},"end":{"line":98,"column":3}},"51":{"start":{"line":91,"column":18},"end":{"line":91,"column":53}},"52":{"start":{"line":92,"column":4},"end":{"line":92,"column":76}},"53":{"start":{"line":92,"column":16},"end":{"line":92,"column":76}},"54":{"start":{"line":93,"column":4},"end":{"line":93,"column":28}},"55":{"start":{"line":94,"column":4},"end":{"line":94,"column":27}},"56":{"start":{"line":96,"column":4},"end":{"line":96,"column":50}},"57":{"start":{"line":97,"column":4},"end":{"line":97,"column":78}},"58":{"start":{"line":101,"column":28},"end":{"line":118,"column":1}},"59":{"start":{"line":102,"column":2},"end":{"line":117,"column":3}},"60":{"start":{"line":103,"column":19},"end":{"line":103,"column":29}},"61":{"start":{"line":104,"column":25},"end":{"line":104,"column":33}},"62":{"start":{"line":105,"column":4},"end":{"line":105,"column":84}},"63":{"start":{"line":105,"column":19},"end":{"line":105,"column":84}},"64":{"start":{"line":106,"column":4},"end":{"line":106,"column":112}},"65":{"start":{"line":106,"column":29},"end":{"line":106,"column":112}},"66":{"start":{"line":108,"column":18},"end":{"line":108,"column":42}},"67":{"start":{"line":109,"column":4},"end":{"line":109,"column":76}},"68":{"start":{"line":109,"column":16},"end":{"line":109,"column":76}},"69":{"start":{"line":111,"column":4},"end":{"line":111,"column":53}},"70":{"start":{"line":112,"column":4},"end":{"line":112,"column":23}},"71":{"start":{"line":113,"column":4},"end":{"line":113,"column":58}},"72":{"start":{"line":115,"column":4},"end":{"line":115,"column":60}},"73":{"start":{"line":116,"column":4},"end":{"line":116,"column":80}},"74":{"start":{"line":120,"column":0},"end":{"line":120,"column":110}}},"fnMap":{"0":{"name":"(anonymous_0)","decl":{"start":{"line":4,"column":26},"end":{"line":4,"column":27}},"loc":{"start":{"line":4,"column":38},"end":{"line":23,"column":1}},"line":4},"1":{"name":"(anonymous_1)","decl":{"start":{"line":8,"column":15},"end":{"line":8,"column":16}},"loc":{"start":{"line":8,"column":29},"end":{"line":8,"column":48}},"line":8},"2":{"name":"(anonymous_2)","decl":{"start":{"line":25,"column":18},"end":{"line":25,"column":19}},"loc":{"start":{"line":25,"column":38},"end":{"line":35,"column":1}},"line":25},"3":{"name":"(anonymous_3)","decl":{"start":{"line":37,"column":20},"end":{"line":37,"column":21}},"loc":{"start":{"line":37,"column":40},"end":{"line":68,"column":1}},"line":37},"4":{"name":"(anonymous_4)","decl":{"start":{"line":70,"column":20},"end":{"line":70,"column":21}},"loc":{"start":{"line":70,"column":40},"end":{"line":87,"column":1}},"line":70},"5":{"name":"(anonymous_5)","decl":{"start":{"line":89,"column":20},"end":{"line":89,"column":21}},"loc":{"start":{"line":89,"column":40},"end":{"line":99,"column":1}},"line":89},"6":{"name":"(anonymous_6)","decl":{"start":{"line":101,"column":28},"end":{"line":101,"column":29}},"loc":{"start":{"line":101,"column":48},"end":{"line":118,"column":1}},"line":101}},"branchMap":{"0":{"loc":{"start":{"line":6,"column":2},"end":{"line":6,"column":27}},"type":"if","locations":[{"start":{"line":6,"column":2},"end":{"line":6,"column":27}},{"start":{},"end":{}}],"line":6},"1":{"loc":{"start":{"line":27,"column":22},"end":{"line":27,"column":43}},"type":"binary-expr","locations":[{"start":{"line":27,"column":22},"end":{"line":27,"column":35}},{"start":{"line":27,"column":39},"end":{"line":27,"column":43}}],"line":27},"2":{"loc":{"start":{"line":28,"column":19},"end":{"line":28,"column":49}},"type":"cond-expr","locations":[{"start":{"line":28,"column":31},"end":{"line":28,"column":44}},{"start":{"line":28,"column":47},"end":{"line":28,"column":49}}],"line":28},"3":{"loc":{"start":{"line":40,"column":4},"end":{"line":42,"column":5}},"type":"if","locations":[{"start":{"line":40,"column":4},"end":{"line":42,"column":5}},{"start":{},"end":{}}],"line":40},"4":{"loc":{"start":{"line":40,"column":8},"end":{"line":40,"column":71}},"type":"binary-expr","locations":[{"start":{"line":40,"column":8},"end":{"line":40,"column":13}},{"start":{"line":40,"column":17},"end":{"line":40,"column":23}},{"start":{"line":40,"column":27},"end":{"line":40,"column":36}},{"start":{"line":40,"column":40},"end":{"line":40,"column":51}},{"start":{"line":40,"column":55},"end":{"line":40,"column":60}},{"start":{"line":40,"column":64},"end":{"line":40,"column":71}}],"line":40},"5":{"loc":{"start":{"line":44,"column":4},"end":{"line":46,"column":5}},"type":"if","locations":[{"start":{"line":44,"column":4},"end":{"line":46,"column":5}},{"start":{},"end":{}}],"line":44},"6":{"loc":{"start":{"line":49,"column":4},"end":{"line":49,"column":102}},"type":"if","locations":[{"start":{"line":49,"column":4},"end":{"line":49,"column":102}},{"start":{},"end":{}}],"line":49},"7":{"loc":{"start":{"line":60,"column":17},"end":{"line":60,"column":38}},"type":"binary-expr","locations":[{"start":{"line":60,"column":17},"end":{"line":60,"column":30}},{"start":{"line":60,"column":34},"end":{"line":60,"column":38}}],"line":60},"8":{"loc":{"start":{"line":78,"column":4},"end":{"line":78,"column":76}},"type":"if","locations":[{"start":{"line":78,"column":4},"end":{"line":78,"column":76}},{"start":{},"end":{}}],"line":78},"9":{"loc":{"start":{"line":92,"column":4},"end":{"line":92,"column":76}},"type":"if","locations":[{"start":{"line":92,"column":4},"end":{"line":92,"column":76}},{"start":{},"end":{}}],"line":92},"10":{"loc":{"start":{"line":105,"column":4},"end":{"line":105,"column":84}},"type":"if","locations":[{"start":{"line":105,"column":4},"end":{"line":105,"column":84}},{"start":{},"end":{}}],"line":105},"11":{"loc":{"start":{"line":106,"column":4},"end":{"line":106,"column":112}},"type":"if","locations":[{"start":{"line":106,"column":4},"end":{"line":106,"column":112}},{"start":{},"end":{}}],"line":106},"12":{"loc":{"start":{"line":109,"column":4},"end":{"line":109,"column":76}},"type":"if","locations":[{"start":{"line":109,"column":4},"end":{"line":109,"column":76}},{"start":{},"end":{}}],"line":109}},"s":{"0":1,"1":1,"2":1,"3":3,"4":3,"5":2,"6":1,"7":5,"8":1,"9":1,"10":1,"11":0,"12":1,"13":1,"14":1,"15":1,"16":1,"17":1,"18":0,"19":0,"20":1,"21":5,"22":5,"23":5,"24":1,"25":4,"26":1,"27":3,"28":3,"29":1,"30":2,"31":2,"32":2,"33":0,"34":0,"35":1,"36":3,"37":3,"38":3,"39":3,"40":3,"41":3,"42":3,"43":1,"44":2,"45":2,"46":2,"47":0,"48":0,"49":1,"50":2,"51":2,"52":2,"53":1,"54":1,"55":1,"56":0,"57":0,"58":1,"59":4,"60":4,"61":4,"62":4,"63":1,"64":3,"65":1,"66":2,"67":2,"68":1,"69":1,"70":1,"71":1,"72":0,"73":0,"74":1},"f":{"0":3,"1":5,"2":1,"3":5,"4":3,"5":2,"6":4},"b":{"0":[2,1],"1":[1,1],"2":[0,1],"3":[1,4],"4":[5,5,4,4,4,4],"5":[1,3],"6":[1,2],"7":[2,2],"8":[1,2],"9":[1,1],"10":[1,3],"11":[1,2],"12":[1,1]},"_coverageSchema":"1a1c01bbd47fc00a2c39e90264f33305004495a9","hash":"10769f4c9a0d89c0859c68a0edf7e00f831d55fe"}
,"C:\\Users\\susha\\Desktop\\chaat-support\\chatsupport\\backend\\controllers\\auth.controller.js": {"path":"C:\\Users\\susha\\Desktop\\chaat-support\\chatsupport\\backend\\controllers\\auth.controller.js","statementMap":{"0":{"start":{"line":1,"column":14},"end":{"line":1,"column":46}},"1":{"start":{"line":2,"column":15},"end":{"line":2,"column":34}},"2":{"start":{"line":3,"column":26},"end":{"line":3,"column":66}},"3":{"start":{"line":5,"column":14},"end":{"line":52,"column":1}},"4":{"start":{"line":6,"column":2},"end":{"line":51,"column":3}},"5":{"start":{"line":7,"column":32},"end":{"line":7,"column":40}},"6":{"start":{"line":8,"column":4},"end":{"line":10,"column":5}},"7":{"start":{"line":9,"column":6},"end":{"line":9,"column":82}},"8":{"start":{"line":12,"column":18},"end":{"line":12,"column":89}},"9":{"start":{"line":13,"column":4},"end":{"line":15,"column":5}},"10":{"start":{"line":14,"column":6},"end":{"line":14,"column":76}},"11":{"start":{"line":17,"column":4},"end":{"line":19,"column":5}},"12":{"start":{"line":18,"column":6},"end":{"line":18,"column":81}},"13":{"start":{"line":22,"column":24},"end":{"line":22,"column":29}},"14":{"start":{"line":23,"column":4},"end":{"line":33,"column":5}},"15":{"start":{"line":25,"column":6},"end":{"line":25,"column":69}},"16":{"start":{"line":28,"column":6},"end":{"line":28,"column":50}},"17":{"start":{"line":29,"column":6},"end":{"line":32,"column":7}},"18":{"start":{"line":30,"column":8},"end":{"line":30,"column":57}},"19":{"start":{"line":31,"column":8},"end":{"line":31,"column":27}},"20":{"start":{"line":35,"column":4},"end":{"line":37,"column":5}},"21":{"start":{"line":36,"column":6},"end":{"line":36,"column":76}},"22":{"start":{"line":39,"column":18},"end":{"line":39,"column":102}},"23":{"start":{"line":41,"column":4},"end":{"line":47,"column":7}},"24":{"start":{"line":49,"column":4},"end":{"line":49,"column":48}},"25":{"start":{"line":50,"column":4},"end":{"line":50,"column":72}},"26":{"start":{"line":54,"column":0},"end":{"line":54,"column":27}}},"fnMap":{"0":{"name":"(anonymous_0)","decl":{"start":{"line":5,"column":14},"end":{"line":5,"column":15}},"loc":{"start":{"line":5,"column":34},"end":{"line":52,"column":1}},"line":5}},"branchMap":{"0":{"loc":{"start":{"line":8,"column":4},"end":{"line":10,"column":5}},"type":"if","locations":[{"start":{"line":8,"column":4},"end":{"line":10,"column":5}},{"start":{},"end":{}}],"line":8},"1":{"loc":{"start":{"line":8,"column":8},"end":{"line":8,"column":27}},"type":"binary-expr","locations":[{"start":{"line":8,"column":8},"end":{"line":8,"column":14}},{"start":{"line":8,"column":18},"end":{"line":8,"column":27}}],"line":8},"2":{"loc":{"start":{"line":13,"column":4},"end":{"line":15,"column":5}},"type":"if","locations":[{"start":{"line":13,"column":4},"end":{"line":15,"column":5}},{"start":{},"end":{}}],"line":13},"3":{"loc":{"start":{"line":17,"column":4},"end":{"line":19,"column":5}},"type":"if","locations":[{"start":{"line":17,"column":4},"end":{"line":19,"column":5}},{"start":{},"end":{}}],"line":17},"4":{"loc":{"start":{"line":23,"column":4},"end":{"line":33,"column":5}},"type":"if","locations":[{"start":{"line":23,"column":4},"end":{"line":33,"column":5}},{"start":{"line":26,"column":11},"end":{"line":33,"column":5}}],"line":23},"5":{"loc":{"start":{"line":29,"column":6},"end":{"line":32,"column":7}},"type":"if","locations":[{"start":{"line":29,"column":6},"end":{"line":32,"column":7}},{"start":{},"end":{}}],"line":29},"6":{"loc":{"start":{"line":35,"column":4},"end":{"line":37,"column":5}},"type":"if","locations":[{"start":{"line":35,"column":4},"end":{"line":37,"column":5}},{"start":{},"end":{}}],"line":35},"7":{"loc":{"start":{"line":39,"column":66},"end":{"line":39,"column":101}},"type":"binary-expr","locations":[{"start":{"line":39,"column":66},"end":{"line":39,"column":93}},{"start":{"line":39,"column":97},"end":{"line":39,"column":101}}],"line":39}},"s":{"0":1,"1":1,"2":1,"3":1,"4":6,"5":6,"6":6,"7":1,"8":5,"9":5,"10":1,"11":4,"12":1,"13":3,"14":3,"15":2,"16":1,"17":1,"18":1,"19":1,"20":3,"21":1,"22":2,"23":2,"24":0,"25":0,"26":1},"f":{"0":6},"b":{"0":[1,5],"1":[6,6],"2":[1,4],"3":[1,3],"4":[2,1],"5":[1,0],"6":[1,2],"7":[2,2]},"_coverageSchema":"1a1c01bbd47fc00a2c39e90264f33305004495a9","hash":"2ab217d02e2c3cb7d6193e7a57a7d12839b6f0d0"}
,"C:\\Users\\susha\\Desktop\\chaat-support\\chatsupport\\backend\\controllers\\chat.controller.js": {"path":"C:\\Users\\susha\\Desktop\\chaat-support\\chatsupport\\backend\\controllers\\chat.controller.js","statementMap":{"0":{"start":{"line":1,"column":13},"end":{"line":1,"column":44}},"1":{"start":{"line":3,"column":27},"end":{"line":17,"column":1}},"2":{"start":{"line":4,"column":2},"end":{"line":16,"column":3}},"3":{"start":{"line":5,"column":25},"end":{"line":5,"column":35}},"4":{"start":{"line":6,"column":22},"end":{"line":6,"column":43}},"5":{"start":{"line":8,"column":19},"end":{"line":8,"column":31}},"6":{"start":{"line":9,"column":4},"end":{"line":9,"column":48}},"7":{"start":{"line":9,"column":19},"end":{"line":9,"column":48}},"8":{"start":{"line":11,"column":18},"end":{"line":11,"column":71}},"9":{"start":{"line":12,"column":4},"end":{"line":12,"column":20}},"10":{"start":{"line":14,"column":4},"end":{"line":14,"column":50}},"11":{"start":{"line":15,"column":4},"end":{"line":15,"column":77}},"12":{"start":{"line":19,"column":25},"end":{"line":29,"column":1}},"13":{"start":{"line":20,"column":18},"end":{"line":27,"column":4}},"14":{"start":{"line":28,"column":2},"end":{"line":28,"column":30}},"15":{"start":{"line":31,"column":0},"end":{"line":31,"column":58}}},"fnMap":{"0":{"name":"(anonymous_0)","decl":{"start":{"line":3,"column":27},"end":{"line":3,"column":28}},"loc":{"start":{"line":3,"column":47},"end":{"line":17,"column":1}},"line":3},"1":{"name":"(anonymous_1)","decl":{"start":{"line":19,"column":25},"end":{"line":19,"column":26}},"loc":{"start":{"line":19,"column":112},"end":{"line":29,"column":1}},"line":19}},"branchMap":{"0":{"loc":{"start":{"line":6,"column":22},"end":{"line":6,"column":43}},"type":"binary-expr","locations":[{"start":{"line":6,"column":22},"end":{"line":6,"column":35}},{"start":{"line":6,"column":39},"end":{"line":6,"column":43}}],"line":6},"1":{"loc":{"start":{"line":9,"column":4},"end":{"line":9,"column":48}},"type":"if","locations":[{"start":{"line":9,"column":4},"end":{"line":9,"column":48}},{"start":{},"end":{}}],"line":9},"2":{"loc":{"start":{"line":19,"column":56},"end":{"line":19,"column":71}},"type":"default-arg","locations":[{"start":{"line":19,"column":67},"end":{"line":19,"column":71}}],"line":19},"3":{"loc":{"start":{"line":19,"column":73},"end":{"line":19,"column":89}},"type":"default-arg","locations":[{"start":{"line":19,"column":85},"end":{"line":19,"column":89}}],"line":19},"4":{"loc":{"start":{"line":19,"column":91},"end":{"line":19,"column":107}},"type":"default-arg","locations":[{"start":{"line":19,"column":103},"end":{"line":19,"column":107}}],"line":19},"5":{"loc":{"start":{"line":21,"column":15},"end":{"line":21,"column":32}},"type":"binary-expr","locations":[{"start":{"line":21,"column":15},"end":{"line":21,"column":24}},{"start":{"line":21,"column":28},"end":{"line":21,"column":32}}],"line":21},"6":{"loc":{"start":{"line":24,"column":15},"end":{"line":24,"column":32}},"type":"binary-expr","locations":[{"start":{"line":24,"column":15},"end":{"line":24,"column":24}},{"start":{"line":24,"column":28},"end":{"line":24,"column":32}}],"line":24},"7":{"loc":{"start":{"line":25,"column":10},"end":{"line":25,"column":20}},"type":"binary-expr","locations":[{"start":{"line":25,"column":10},"end":{"line":25,"column":14}},{"start":{"line":25,"column":18},"end":{"line":25,"column":20}}],"line":25},"8":{"loc":{"start":{"line":26,"column":14},"end":{"line":26,"column":30}},"type":"binary-expr","locations":[{"start":{"line":26,"column":14},"end":{"line":26,"column":22}},{"start":{"line":26,"column":26},"end":{"line":26,"column":30}}],"line":26}},"s":{"0":2,"1":2,"2":3,"3":3,"4":3,"5":3,"6":3,"7":0,"8":3,"9":3,"10":0,"11":0,"12":2,"13":30,"14":30,"15":2},"f":{"0":3,"1":30},"b":{"0":[3,3],"1":[0,3],"2":[24],"3":[26],"4":[29],"5":[30,29],"6":[30,29],"7":[30,1],"8":[30,29]},"_coverageSchema":"1a1c01bbd47fc00a2c39e90264f33305004495a9","hash":"569b3b09f424a6448096322ca0f1d73391d77296"}
,"C:\\Users\\susha\\Desktop\\chaat-support\\chatsupport\\backend\\controllers\\company.controller.js": {"path":"C:\\Users\\susha\\Desktop\\chaat-support\\chatsupport\\backend\\controllers\\company.controller.js","statementMap":{"0":{"start":{"line":1,"column":15},"end":{"line":1,"column":32}},"1":{"start":{"line":2,"column":16},"end":{"line":2,"column":50}},"2":{"start":{"line":4,"column":22},"end":{"line":31,"column":1}},"3":{"start":{"line":5,"column":2},"end":{"line":30,"column":3}},"4":{"start":{"line":6,"column":34},"end":{"line":6,"column":42}},"5":{"start":{"line":7,"column":4},"end":{"line":9,"column":5}},"6":{"start":{"line":8,"column":6},"end":{"line":8,"column":85}},"7":{"start":{"line":11,"column":19},"end":{"line":11,"column":78}},"8":{"start":{"line":12,"column":20},"end":{"line":17,"column":6}},"9":{"start":{"line":19,"column":25},"end":{"line":19,"column":45}},"10":{"start":{"line":20,"column":4},"end":{"line":23,"column":7}},"11":{"start":{"line":25,"column":4},"end":{"line":25,"column":52}},"12":{"start":{"line":26,"column":4},"end":{"line":28,"column":5}},"13":{"start":{"line":27,"column":6},"end":{"line":27,"column":86}},"14":{"start":{"line":29,"column":4},"end":{"line":29,"column":80}},"15":{"start":{"line":33,"column":19},"end":{"line":45,"column":1}},"16":{"start":{"line":34,"column":2},"end":{"line":44,"column":3}},"17":{"start":{"line":35,"column":21},"end":{"line":35,"column":31}},"18":{"start":{"line":36,"column":20},"end":{"line":36,"column":51}},"19":{"start":{"line":37,"column":4},"end":{"line":39,"column":5}},"20":{"start":{"line":38,"column":6},"end":{"line":38,"column":68}},"21":{"start":{"line":40,"column":4},"end":{"line":40,"column":22}},"22":{"start":{"line":42,"column":4},"end":{"line":42,"column":52}},"23":{"start":{"line":43,"column":4},"end":{"line":43,"column":54}},"24":{"start":{"line":47,"column":30},"end":{"line":59,"column":1}},"25":{"start":{"line":48,"column":2},"end":{"line":58,"column":3}},"26":{"start":{"line":49,"column":20},"end":{"line":53,"column":5}},"27":{"start":{"line":54,"column":4},"end":{"line":54,"column":22}},"28":{"start":{"line":56,"column":4},"end":{"line":56,"column":61}},"29":{"start":{"line":57,"column":4},"end":{"line":57,"column":54}},"30":{"start":{"line":61,"column":0},"end":{"line":61,"column":70}}},"fnMap":{"0":{"name":"(anonymous_0)","decl":{"start":{"line":4,"column":22},"end":{"line":4,"column":23}},"loc":{"start":{"line":4,"column":42},"end":{"line":31,"column":1}},"line":4},"1":{"name":"(anonymous_1)","decl":{"start":{"line":33,"column":19},"end":{"line":33,"column":20}},"loc":{"start":{"line":33,"column":39},"end":{"line":45,"column":1}},"line":33},"2":{"name":"(anonymous_2)","decl":{"start":{"line":47,"column":30},"end":{"line":47,"column":31}},"loc":{"start":{"line":47,"column":50},"end":{"line":59,"column":1}},"line":47}},"branchMap":{"0":{"loc":{"start":{"line":7,"column":4},"end":{"line":9,"column":5}},"type":"if","locations":[{"start":{"line":7,"column":4},"end":{"line":9,"column":5}},{"start":{},"end":{}}],"line":7},"1":{"loc":{"start":{"line":7,"column":8},"end":{"line":7,"column":32}},"type":"binary-expr","locations":[{"start":{"line":7,"column":8},"end":{"line":7,"column":13}},{"start":{"line":7,"column":17},"end":{"line":7,"column":23}},{"start":{"line":7,"column":27},"end":{"line":7,"column":32}}],"line":7},"2":{"loc":{"start":{"line":26,"column":4},"end":{"line":28,"column":5}},"type":"if","locations":[{"start":{"line":26,"column":4},"end":{"line":28,"column":5}},{"start":{},"end":{}}],"line":26},"3":{"loc":{"start":{"line":37,"column":4},"end":{"line":39,"column":5}},"type":"if","locations":[{"start":{"line":37,"column":4},"end":{"line":39,"column":5}},{"start":{},"end":{}}],"line":37}},"s":{"0":1,"1":1,"2":1,"3":5,"4":5,"5":5,"6":1,"7":4,"8":4,"9":4,"10":3,"11":1,"12":1,"13":1,"14":0,"15":1,"16":2,"17":2,"18":2,"19":2,"20":1,"21":1,"22":0,"23":0,"24":1,"25":1,"26":1,"27":1,"28":0,"29":0,"30":1},"f":{"0":5,"1":2,"2":1},"b":{"0":[1,4],"1":[5,5,5],"2":[1,0],"3":[1,1]},"_coverageSchema":"1a1c01bbd47fc00a2c39e90264f33305004495a9","hash":"e6f9b049de212d1994d71e9a8b2c7c713a96da92"}
,"C:\\Users\\susha\\Desktop\\chaat-support\\chatsupport\\backend\\controllers\\ticket.controller.js": {"path":"C:\\Users\\susha\\Desktop\\chaat-support\\chatsupport\\backend\\controllers\\ticket.controller.js","statementMap":{"0":{"start":{"line":1,"column":15},"end":{"line":1,"column":48}},"1":{"start":{"line":3,"column":21},"end":{"line":52,"column":1}},"2":{"start":{"line":4,"column":2},"end":{"line":51,"column":3}},"3":{"start":{"line":5,"column":42},"end":{"line":5,"column":50}},"4":{"start":{"line":6,"column":22},"end":{"line":6,"column":43}},"5":{"start":{"line":8,"column":4},"end":{"line":10,"column":5}},"6":{"start":{"line":9,"column":6},"end":{"line":9,"column":74}},"7":{"start":{"line":12,"column":4},"end":{"line":14,"column":5}},"8":{"start":{"line":13,"column":6},"end":{"line":13,"column":65}},"9":{"start":{"line":16,"column":22},"end":{"line":23,"column":6}},"10":{"start":{"line":25,"column":24},"end":{"line":25,"column":46}},"11":{"start":{"line":28,"column":4},"end":{"line":33,"column":5}},"12":{"start":{"line":29,"column":35},"end":{"line":29,"column":63}},"13":{"start":{"line":30,"column":6},"end":{"line":30,"column":85}},"14":{"start":{"line":32,"column":6},"end":{"line":32,"column":67}},"15":{"start":{"line":36,"column":4},"end":{"line":45,"column":5}},"16":{"start":{"line":37,"column":24},"end":{"line":37,"column":51}},"17":{"start":{"line":38,"column":17},"end":{"line":38,"column":24}},"18":{"start":{"line":39,"column":6},"end":{"line":42,"column":7}},"19":{"start":{"line":40,"column":21},"end":{"line":40,"column":61}},"20":{"start":{"line":41,"column":8},"end":{"line":41,"column":52}},"21":{"start":{"line":44,"column":6},"end":{"line":44,"column":60}},"22":{"start":{"line":47,"column":4},"end":{"line":47,"column":38}},"23":{"start":{"line":49,"column":4},"end":{"line":49,"column":51}},"24":{"start":{"line":50,"column":4},"end":{"line":50,"column":77}},"25":{"start":{"line":54,"column":19},"end":{"line":78,"column":1}},"26":{"start":{"line":55,"column":2},"end":{"line":77,"column":3}},"27":{"start":{"line":56,"column":22},"end":{"line":56,"column":43}},"28":{"start":{"line":57,"column":19},"end":{"line":57,"column":49}},"29":{"start":{"line":59,"column":17},"end":{"line":59,"column":59}},"30":{"start":{"line":60,"column":18},"end":{"line":60,"column":77}},"31":{"start":{"line":61,"column":17},"end":{"line":61,"column":35}},"32":{"start":{"line":62,"column":19},"end":{"line":62,"column":35}},"33":{"start":{"line":64,"column":4},"end":{"line":66,"column":5}},"34":{"start":{"line":65,"column":6},"end":{"line":65,"column":29}},"35":{"start":{"line":68,"column":29},"end":{"line":71,"column":6}},"36":{"start":{"line":73,"column":4},"end":{"line":73,"column":72}},"37":{"start":{"line":75,"column":4},"end":{"line":75,"column":51}},"38":{"start":{"line":76,"column":4},"end":{"line":76,"column":77}},"39":{"start":{"line":80,"column":22},"end":{"line":94,"column":1}},"40":{"start":{"line":81,"column":2},"end":{"line":93,"column":3}},"41":{"start":{"line":82,"column":22},"end":{"line":82,"column":43}},"42":{"start":{"line":83,"column":19},"end":{"line":83,"column":41}},"43":{"start":{"line":84,"column":4},"end":{"line":84,"column":48}},"44":{"start":{"line":84,"column":19},"end":{"line":84,"column":48}},"45":{"start":{"line":86,"column":19},"end":{"line":86,"column":54}},"46":{"start":{"line":87,"column":4},"end":{"line":87,"column":78}},"47":{"start":{"line":87,"column":17},"end":{"line":87,"column":78}},"48":{"start":{"line":89,"column":4},"end":{"line":89,"column":21}},"49":{"start":{"line":91,"column":4},"end":{"line":91,"column":56}},"50":{"start":{"line":92,"column":4},"end":{"line":92,"column":76}},"51":{"start":{"line":96,"column":21},"end":{"line":135,"column":1}},"52":{"start":{"line":97,"column":2},"end":{"line":134,"column":3}},"53":{"start":{"line":98,"column":23},"end":{"line":98,"column":31}},"54":{"start":{"line":99,"column":19},"end":{"line":99,"column":29}},"55":{"start":{"line":100,"column":22},"end":{"line":100,"column":43}},"56":{"start":{"line":102,"column":4},"end":{"line":104,"column":5}},"57":{"start":{"line":103,"column":6},"end":{"line":103,"column":91}},"58":{"start":{"line":106,"column":19},"end":{"line":106,"column":30}},"59":{"start":{"line":107,"column":4},"end":{"line":107,"column":48}},"60":{"start":{"line":107,"column":19},"end":{"line":107,"column":48}},"61":{"start":{"line":110,"column":19},"end":{"line":114,"column":5}},"62":{"start":{"line":116,"column":4},"end":{"line":116,"column":78}},"63":{"start":{"line":116,"column":17},"end":{"line":116,"column":78}},"64":{"start":{"line":118,"column":4},"end":{"line":128,"column":5}},"65":{"start":{"line":119,"column":6},"end":{"line":127,"column":7}},"66":{"start":{"line":120,"column":26},"end":{"line":120,"column":53}},"67":{"start":{"line":121,"column":19},"end":{"line":121,"column":26}},"68":{"start":{"line":122,"column":8},"end":{"line":124,"column":9}},"69":{"start":{"line":123,"column":10},"end":{"line":123,"column":68}},"70":{"start":{"line":126,"column":8},"end":{"line":126,"column":66}},"71":{"start":{"line":130,"column":4},"end":{"line":130,"column":21}},"72":{"start":{"line":132,"column":4},"end":{"line":132,"column":51}},"73":{"start":{"line":133,"column":4},"end":{"line":133,"column":79}},"74":{"start":{"line":137,"column":0},"end":{"line":137,"column":75}}},"fnMap":{"0":{"name":"(anonymous_0)","decl":{"start":{"line":3,"column":21},"end":{"line":3,"column":22}},"loc":{"start":{"line":3,"column":41},"end":{"line":52,"column":1}},"line":3},"1":{"name":"(anonymous_1)","decl":{"start":{"line":54,"column":19},"end":{"line":54,"column":20}},"loc":{"start":{"line":54,"column":39},"end":{"line":78,"column":1}},"line":54},"2":{"name":"(anonymous_2)","decl":{"start":{"line":80,"column":22},"end":{"line":80,"column":23}},"loc":{"start":{"line":80,"column":42},"end":{"line":94,"column":1}},"line":80},"3":{"name":"(anonymous_3)","decl":{"start":{"line":96,"column":21},"end":{"line":96,"column":22}},"loc":{"start":{"line":96,"column":41},"end":{"line":135,"column":1}},"line":96}},"branchMap":{"0":{"loc":{"start":{"line":6,"column":22},"end":{"line":6,"column":43}},"type":"binary-expr","locations":[{"start":{"line":6,"column":22},"end":{"line":6,"column":35}},{"start":{"line":6,"column":39},"end":{"line":6,"column":43}}],"line":6},"1":{"loc":{"start":{"line":8,"column":4},"end":{"line":10,"column":5}},"type":"if","locations":[{"start":{"line":8,"column":4},"end":{"line":10,"column":5}},{"start":{},"end":{}}],"line":8},"2":{"loc":{"start":{"line":8,"column":8},"end":{"line":8,"column":43}},"type":"binary-expr","locations":[{"start":{"line":8,"column":8},"end":{"line":8,"column":13}},{"start":{"line":8,"column":17},"end":{"line":8,"column":23}},{"start":{"line":8,"column":27},"end":{"line":8,"column":33}},{"start":{"line":8,"column":37},"end":{"line":8,"column":43}}],"line":8},"3":{"loc":{"start":{"line":12,"column":4},"end":{"line":14,"column":5}},"type":"if","locations":[{"start":{"line":12,"column":4},"end":{"line":14,"column":5}},{"start":{},"end":{}}],"line":12},"4":{"loc":{"start":{"line":12,"column":8},"end":{"line":12,"column":91}},"type":"binary-expr","locations":[{"start":{"line":12,"column":8},"end":{"line":12,"column":25}},{"start":{"line":12,"column":29},"end":{"line":12,"column":47}},{"start":{"line":12,"column":51},"end":{"line":12,"column":68}},{"start":{"line":12,"column":72},"end":{"line":12,"column":91}}],"line":12},"5":{"loc":{"start":{"line":39,"column":6},"end":{"line":42,"column":7}},"type":"if","locations":[{"start":{"line":39,"column":6},"end":{"line":42,"column":7}},{"start":{},"end":{}}],"line":39},"6":{"loc":{"start":{"line":40,"column":21},"end":{"line":40,"column":61}},"type":"cond-expr","locations":[{"start":{"line":40,"column":33},"end":{"line":40,"column":50}},{"start":{"line":40,"column":53},"end":{"line":40,"column":61}}],"line":40},"7":{"loc":{"start":{"line":56,"column":22},"end":{"line":56,"column":43}},"type":"binary-expr","locations":[{"start":{"line":56,"column":22},"end":{"line":56,"column":35}},{"start":{"line":56,"column":39},"end":{"line":56,"column":43}}],"line":56},"8":{"loc":{"start":{"line":57,"column":19},"end":{"line":57,"column":49}},"type":"cond-expr","locations":[{"start":{"line":57,"column":31},"end":{"line":57,"column":44}},{"start":{"line":57,"column":47},"end":{"line":57,"column":49}}],"line":57},"9":{"loc":{"start":{"line":59,"column":29},"end":{"line":59,"column":58}},"type":"binary-expr","locations":[{"start":{"line":59,"column":29},"end":{"line":59,"column":53}},{"start":{"line":59,"column":57},"end":{"line":59,"column":58}}],"line":59},"10":{"loc":{"start":{"line":60,"column":44},"end":{"line":60,"column":75}},"type":"binary-expr","locations":[{"start":{"line":60,"column":44},"end":{"line":60,"column":69}},{"start":{"line":60,"column":73},"end":{"line":60,"column":75}}],"line":60},"11":{"loc":{"start":{"line":64,"column":4},"end":{"line":66,"column":5}},"type":"if","locations":[{"start":{"line":64,"column":4},"end":{"line":66,"column":5}},{"start":{},"end":{}}],"line":64},"12":{"loc":{"start":{"line":64,"column":8},"end":{"line":64,"column":56}},"type":"binary-expr","locations":[{"start":{"line":64,"column":8},"end":{"line":64,"column":14}},{"start":{"line":64,"column":18},"end":{"line":64,"column":56}}],"line":64},"13":{"loc":{"start":{"line":82,"column":22},"end":{"line":82,"column":43}},"type":"binary-expr","locations":[{"start":{"line":82,"column":22},"end":{"line":82,"column":35}},{"start":{"line":82,"column":39},"end":{"line":82,"column":43}}],"line":82},"14":{"loc":{"start":{"line":84,"column":4},"end":{"line":84,"column":48}},"type":"if","locations":[{"start":{"line":84,"column":4},"end":{"line":84,"column":48}},{"start":{},"end":{}}],"line":84},"15":{"loc":{"start":{"line":87,"column":4},"end":{"line":87,"column":78}},"type":"if","locations":[{"start":{"line":87,"column":4},"end":{"line":87,"column":78}},{"start":{},"end":{}}],"line":87},"16":{"loc":{"start":{"line":100,"column":22},"end":{"line":100,"column":43}},"type":"binary-expr","locations":[{"start":{"line":100,"column":22},"end":{"line":100,"column":35}},{"start":{"line":100,"column":39},"end":{"line":100,"column":43}}],"line":100},"17":{"loc":{"start":{"line":102,"column":4},"end":{"line":104,"column":5}},"type":"if","locations":[{"start":{"line":102,"column":4},"end":{"line":104,"column":5}},{"start":{},"end":{}}],"line":102},"18":{"loc":{"start":{"line":102,"column":8},"end":{"line":102,"column":58}},"type":"binary-expr","locations":[{"start":{"line":102,"column":8},"end":{"line":102,"column":15}},{"start":{"line":102,"column":19},"end":{"line":102,"column":58}}],"line":102},"19":{"loc":{"start":{"line":107,"column":4},"end":{"line":107,"column":48}},"type":"if","locations":[{"start":{"line":107,"column":4},"end":{"line":107,"column":48}},{"start":{},"end":{}}],"line":107},"20":{"loc":{"start":{"line":116,"column":4},"end":{"line":116,"column":78}},"type":"if","locations":[{"start":{"line":116,"column":4},"end":{"line":116,"column":78}},{"start":{},"end":{}}],"line":116},"21":{"loc":{"start":{"line":118,"column":4},"end":{"line":128,"column":5}},"type":"if","locations":[{"start":{"line":118,"column":4},"end":{"line":128,"column":5}},{"start":{},"end":{}}],"line":118},"22":{"loc":{"start":{"line":122,"column":8},"end":{"line":124,"column":9}},"type":"if","locations":[{"start":{"line":122,"column":8},"end":{"line":124,"column":9}},{"start":{},"end":{}}],"line":122}},"s":{"0":1,"1":1,"2":3,"3":3,"4":3,"5":3,"6":1,"7":2,"8":1,"9":1,"10":1,"11":1,"12":1,"13":1,"14":0,"15":1,"16":1,"17":1,"18":1,"19":0,"20":0,"21":0,"22":1,"23":0,"24":0,"25":1,"26":3,"27":3,"28":3,"29":3,"30":3,"31":3,"32":3,"33":3,"34":1,"35":3,"36":3,"37":0,"38":0,"39":1,"40":2,"41":2,"42":2,"43":2,"44":0,"45":2,"46":2,"47":1,"48":1,"49":0,"50":0,"51":1,"52":6,"53":6,"54":6,"55":6,"56":6,"57":1,"58":5,"59":5,"60":0,"61":5,"62":5,"63":1,"64":4,"65":2,"66":2,"67":2,"68":2,"69":0,"70":0,"71":4,"72":0,"73":0,"74":1},"f":{"0":3,"1":3,"2":2,"3":6},"b":{"0":[3,3],"1":[1,2],"2":[3,3,3,2],"3":[1,1],"4":[2,1,1,1],"5":[0,1],"6":[0,0],"7":[3,3],"8":[0,3],"9":[3,2],"10":[3,2],"11":[1,2],"12":[3,1],"13":[2,2],"14":[0,2],"15":[1,1],"16":[6,6],"17":[1,5],"18":[6,6],"19":[0,5],"20":[1,4],"21":[2,2],"22":[0,2]},"_coverageSchema":"1a1c01bbd47fc00a2c39e90264f33305004495a9","hash":"1627db51900ec722e557145665e8506a052c5a2a"}
,"C:\\Users\\susha\\Desktop\\chaat-support\\chatsupport\\backend\\middleware\\auth.middleware.js": {"path":"C:\\Users\\susha\\Desktop\\chaat-support\\chatsupport\\backend\\middleware\\auth.middleware.js","statementMap":{"0":{"start":{"line":1,"column":12},"end":{"line":1,"column":35}},"1":{"start":{"line":3,"column":19},"end":{"line":3,"column":86}},"2":{"start":{"line":5,"column":20},"end":{"line":30,"column":1}},"3":{"start":{"line":6,"column":17},"end":{"line":6,"column":42}},"4":{"start":{"line":7,"column":2},"end":{"line":9,"column":3}},"5":{"start":{"line":8,"column":4},"end":{"line":8,"column":72}},"6":{"start":{"line":11,"column":16},"end":{"line":11,"column":36}},"7":{"start":{"line":13,"column":2},"end":{"line":29,"column":3}},"8":{"start":{"line":14,"column":20},"end":{"line":14,"column":49}},"9":{"start":{"line":15,"column":4},"end":{"line":15,"column":34}},"10":{"start":{"line":16,"column":4},"end":{"line":16,"column":33}},"11":{"start":{"line":17,"column":4},"end":{"line":17,"column":46}},"12":{"start":{"line":18,"column":4},"end":{"line":18,"column":11}},"13":{"start":{"line":21,"column":4},"end":{"line":27,"column":5}},"14":{"start":{"line":22,"column":20},"end":{"line":22,"column":36}},"15":{"start":{"line":23,"column":6},"end":{"line":23,"column":37}},"16":{"start":{"line":24,"column":6},"end":{"line":24,"column":30}},"17":{"start":{"line":25,"column":6},"end":{"line":25,"column":27}},"18":{"start":{"line":26,"column":6},"end":{"line":26,"column":20}},"19":{"start":{"line":28,"column":4},"end":{"line":28,"column":73}},"20":{"start":{"line":32,"column":21},"end":{"line":39,"column":1}},"21":{"start":{"line":33,"column":2},"end":{"line":38,"column":5}},"22":{"start":{"line":34,"column":4},"end":{"line":36,"column":5}},"23":{"start":{"line":35,"column":6},"end":{"line":35,"column":72}},"24":{"start":{"line":37,"column":4},"end":{"line":37,"column":11}},"25":{"start":{"line":41,"column":22},"end":{"line":47,"column":1}},"26":{"start":{"line":42,"column":2},"end":{"line":46,"column":4}},"27":{"start":{"line":49,"column":0},"end":{"line":49,"column":62}}},"fnMap":{"0":{"name":"(anonymous_0)","decl":{"start":{"line":5,"column":20},"end":{"line":5,"column":21}},"loc":{"start":{"line":5,"column":40},"end":{"line":30,"column":1}},"line":5},"1":{"name":"(anonymous_1)","decl":{"start":{"line":32,"column":21},"end":{"line":32,"column":22}},"loc":{"start":{"line":32,"column":41},"end":{"line":39,"column":1}},"line":32},"2":{"name":"(anonymous_2)","decl":{"start":{"line":33,"column":24},"end":{"line":33,"column":25}},"loc":{"start":{"line":33,"column":30},"end":{"line":38,"column":3}},"line":33},"3":{"name":"(anonymous_3)","decl":{"start":{"line":41,"column":22},"end":{"line":41,"column":23}},"loc":{"start":{"line":41,"column":59},"end":{"line":47,"column":1}},"line":41}},"branchMap":{"0":{"loc":{"start":{"line":3,"column":19},"end":{"line":3,"column":86}},"type":"binary-expr","locations":[{"start":{"line":3,"column":19},"end":{"line":3,"column":41}},{"start":{"line":3,"column":45},"end":{"line":3,"column":86}}],"line":3},"1":{"loc":{"start":{"line":7,"column":2},"end":{"line":9,"column":3}},"type":"if","locations":[{"start":{"line":7,"column":2},"end":{"line":9,"column":3}},{"start":{},"end":{}}],"line":7},"2":{"loc":{"start":{"line":7,"column":6},"end":{"line":7,"column":46}},"type":"binary-expr","locations":[{"start":{"line":7,"column":6},"end":{"line":7,"column":13}},{"start":{"line":7,"column":17},"end":{"line":7,"column":46}}],"line":7},"3":{"loc":{"start":{"line":17,"column":20},"end":{"line":17,"column":45}},"type":"binary-expr","locations":[{"start":{"line":17,"column":20},"end":{"line":17,"column":37}},{"start":{"line":17,"column":41},"end":{"line":17,"column":45}}],"line":17},"4":{"loc":{"start":{"line":21,"column":4},"end":{"line":27,"column":5}},"type":"if","locations":[{"start":{"line":21,"column":4},"end":{"line":27,"column":5}},{"start":{},"end":{}}],"line":21},"5":{"loc":{"start":{"line":21,"column":8},"end":{"line":21,"column":52}},"type":"binary-expr","locations":[{"start":{"line":21,"column":8},"end":{"line":21,"column":13}},{"start":{"line":21,"column":17},"end":{"line":21,"column":52}}],"line":21},"6":{"loc":{"start":{"line":23,"column":20},"end":{"line":23,"column":36}},"type":"binary-expr","locations":[{"start":{"line":23,"column":20},"end":{"line":23,"column":28}},{"start":{"line":23,"column":32},"end":{"line":23,"column":36}}],"line":23},"7":{"loc":{"start":{"line":34,"column":4},"end":{"line":36,"column":5}},"type":"if","locations":[{"start":{"line":34,"column":4},"end":{"line":36,"column":5}},{"start":{},"end":{}}],"line":34},"8":{"loc":{"start":{"line":41,"column":38},"end":{"line":41,"column":54}},"type":"default-arg","locations":[{"start":{"line":41,"column":50},"end":{"line":41,"column":54}}],"line":41}},"s":{"0":4,"1":4,"2":4,"3":35,"4":35,"5":4,"6":31,"7":31,"8":31,"9":29,"10":29,"11":29,"12":29,"13":2,"14":1,"15":1,"16":1,"17":1,"18":1,"19":1,"20":4,"21":18,"22":18,"23":3,"24":15,"25":4,"26":78,"27":4},"f":{"0":35,"1":18,"2":18,"3":78},"b":{"0":[4,4],"1":[4,31],"2":[35,31],"3":[29,29],"4":[1,1],"5":[2,2],"6":[1,0],"7":[3,15],"8":[76]},"_coverageSchema":"1a1c01bbd47fc00a2c39e90264f33305004495a9","hash":"243021a68e9e0234851bec28f1b84034bb5ab418"}
,"C:\\Users\\susha\\Desktop\\chaat-support\\chatsupport\\backend\\middleware\\company.middleware.js": {"path":"C:\\Users\\susha\\Desktop\\chaat-support\\chatsupport\\backend\\middleware\\company.middleware.js","statementMap":{"0":{"start":{"line":1,"column":16},"end":{"line":1,"column":50}},"1":{"start":{"line":4,"column":24},"end":{"line":28,"column":1}},"2":{"start":{"line":5,"column":2},"end":{"line":27,"column":3}},"3":{"start":{"line":6,"column":19},"end":{"line":6,"column":63}},"4":{"start":{"line":8,"column":4},"end":{"line":10,"column":5}},"5":{"start":{"line":9,"column":6},"end":{"line":9,"column":67}},"6":{"start":{"line":12,"column":20},"end":{"line":12,"column":53}},"7":{"start":{"line":13,"column":4},"end":{"line":15,"column":5}},"8":{"start":{"line":14,"column":6},"end":{"line":14,"column":66}},"9":{"start":{"line":17,"column":4},"end":{"line":19,"column":5}},"10":{"start":{"line":18,"column":6},"end":{"line":18,"column":78}},"11":{"start":{"line":21,"column":4},"end":{"line":21,"column":32}},"12":{"start":{"line":22,"column":4},"end":{"line":22,"column":26}},"13":{"start":{"line":23,"column":4},"end":{"line":23,"column":11}},"14":{"start":{"line":25,"column":4},"end":{"line":25,"column":54}},"15":{"start":{"line":26,"column":4},"end":{"line":26,"column":54}},"16":{"start":{"line":30,"column":0},"end":{"line":30,"column":37}}},"fnMap":{"0":{"name":"(anonymous_0)","decl":{"start":{"line":4,"column":24},"end":{"line":4,"column":25}},"loc":{"start":{"line":4,"column":50},"end":{"line":28,"column":1}},"line":4}},"branchMap":{"0":{"loc":{"start":{"line":6,"column":19},"end":{"line":6,"column":63}},"type":"binary-expr","locations":[{"start":{"line":6,"column":19},"end":{"line":6,"column":43}},{"start":{"line":6,"column":47},"end":{"line":6,"column":63}}],"line":6},"1":{"loc":{"start":{"line":8,"column":4},"end":{"line":10,"column":5}},"type":"if","locations":[{"start":{"line":8,"column":4},"end":{"line":10,"column":5}},{"start":{},"end":{}}],"line":8},"2":{"loc":{"start":{"line":13,"column":4},"end":{"line":15,"column":5}},"type":"if","locations":[{"start":{"line":13,"column":4},"end":{"line":15,"column":5}},{"start":{},"end":{}}],"line":13},"3":{"loc":{"start":{"line":17,"column":4},"end":{"line":19,"column":5}},"type":"if","locations":[{"start":{"line":17,"column":4},"end":{"line":19,"column":5}},{"start":{},"end":{}}],"line":17}},"s":{"0":1,"1":1,"2":5,"3":5,"4":5,"5":1,"6":4,"7":4,"8":1,"9":3,"10":1,"11":2,"12":2,"13":2,"14":0,"15":0,"16":1},"f":{"0":5},"b":{"0":[5,2],"1":[1,4],"2":[1,3],"3":[1,2]},"_coverageSchema":"1a1c01bbd47fc00a2c39e90264f33305004495a9","hash":"159feea5eeb1f9ec13b741e6afb80dcddaacd82b"}
}
