TN:
SF:controllers\agent.controller.js
FN:4,(anonymous_0)
FN:8,(anonymous_1)
FN:25,(anonymous_2)
FN:37,(anonymous_3)
FN:70,(anonymous_4)
FN:89,(anonymous_5)
FN:101,(anonymous_6)
FNF:7
FNH:7
FNDA:3,(anonymous_0)
FNDA:5,(anonymous_1)
FNDA:1,(anonymous_2)
FNDA:5,(anonymous_3)
FNDA:3,(anonymous_4)
FNDA:2,(anonymous_5)
FNDA:4,(anonymous_6)
DA:1,1
DA:2,1
DA:4,1
DA:5,3
DA:6,3
DA:8,5
DA:10,1
DA:18,1
DA:19,1
DA:21,0
DA:25,1
DA:26,1
DA:27,1
DA:28,1
DA:29,1
DA:30,1
DA:32,0
DA:33,0
DA:37,1
DA:38,5
DA:39,5
DA:40,5
DA:41,1
DA:44,4
DA:45,1
DA:48,3
DA:49,3
DA:51,2
DA:52,2
DA:63,2
DA:65,0
DA:66,0
DA:70,1
DA:71,3
DA:72,3
DA:73,3
DA:74,3
DA:75,3
DA:77,3
DA:78,3
DA:80,2
DA:81,2
DA:82,2
DA:84,0
DA:85,0
DA:89,1
DA:90,2
DA:91,2
DA:92,2
DA:93,1
DA:94,1
DA:96,0
DA:97,0
DA:101,1
DA:102,4
DA:103,4
DA:104,4
DA:105,4
DA:106,3
DA:108,2
DA:109,2
DA:111,1
DA:112,1
DA:113,1
DA:115,0
DA:116,0
DA:120,1
LF:67
LH:56
BRDA:6,0,0,2
BRDA:6,0,1,1
BRDA:27,1,0,1
BRDA:27,1,1,1
BRDA:28,2,0,0
BRDA:28,2,1,1
BRDA:40,3,0,1
BRDA:40,3,1,4
BRDA:40,4,0,5
BRDA:40,4,1,5
BRDA:40,4,2,4
BRDA:40,4,3,4
BRDA:40,4,4,4
BRDA:40,4,5,4
BRDA:44,5,0,1
BRDA:44,5,1,3
BRDA:49,6,0,1
BRDA:49,6,1,2
BRDA:60,7,0,2
BRDA:60,7,1,2
BRDA:78,8,0,1
BRDA:78,8,1,2
BRDA:92,9,0,1
BRDA:92,9,1,1
BRDA:105,10,0,1
BRDA:105,10,1,3
BRDA:106,11,0,1
BRDA:106,11,1,2
BRDA:109,12,0,1
BRDA:109,12,1,1
BRF:30
BRH:29
end_of_record
TN:
SF:controllers\auth.controller.js
FN:5,(anonymous_0)
FNF:1
FNH:1
FNDA:6,(anonymous_0)
DA:1,1
DA:2,1
DA:3,1
DA:5,1
DA:6,6
DA:7,6
DA:8,6
DA:9,1
DA:12,5
DA:13,5
DA:14,1
DA:17,4
DA:18,1
DA:22,3
DA:23,3
DA:25,2
DA:28,1
DA:29,1
DA:30,1
DA:31,1
DA:35,3
DA:36,1
DA:39,2
DA:41,2
DA:49,0
DA:50,0
DA:54,1
LF:27
LH:25
BRDA:8,0,0,1
BRDA:8,0,1,5
BRDA:8,1,0,6
BRDA:8,1,1,6
BRDA:13,2,0,1
BRDA:13,2,1,4
BRDA:17,3,0,1
BRDA:17,3,1,3
BRDA:23,4,0,2
BRDA:23,4,1,1
BRDA:29,5,0,1
BRDA:29,5,1,0
BRDA:35,6,0,1
BRDA:35,6,1,2
BRDA:39,7,0,2
BRDA:39,7,1,2
BRF:16
BRH:15
end_of_record
TN:
SF:controllers\chat.controller.js
FN:3,(anonymous_0)
FN:19,(anonymous_1)
FNF:2
FNH:2
FNDA:3,(anonymous_0)
FNDA:30,(anonymous_1)
DA:1,2
DA:3,2
DA:4,3
DA:5,3
DA:6,3
DA:8,3
DA:9,3
DA:11,3
DA:12,3
DA:14,0
DA:15,0
DA:19,2
DA:20,30
DA:28,30
DA:31,2
LF:15
LH:13
BRDA:6,0,0,3
BRDA:6,0,1,3
BRDA:9,1,0,0
BRDA:9,1,1,3
BRDA:19,2,0,24
BRDA:19,3,0,26
BRDA:19,4,0,29
BRDA:21,5,0,30
BRDA:21,5,1,29
BRDA:24,6,0,30
BRDA:24,6,1,29
BRDA:25,7,0,30
BRDA:25,7,1,1
BRDA:26,8,0,30
BRDA:26,8,1,29
BRF:15
BRH:14
end_of_record
TN:
SF:controllers\company.controller.js
FN:4,(anonymous_0)
FN:33,(anonymous_1)
FN:47,(anonymous_2)
FNF:3
FNH:3
FNDA:5,(anonymous_0)
FNDA:2,(anonymous_1)
FNDA:1,(anonymous_2)
DA:1,1
DA:2,1
DA:4,1
DA:5,5
DA:6,5
DA:7,5
DA:8,1
DA:11,4
DA:12,4
DA:19,4
DA:20,3
DA:25,1
DA:26,1
DA:27,1
DA:29,0
DA:33,1
DA:34,2
DA:35,2
DA:36,2
DA:37,2
DA:38,1
DA:40,1
DA:42,0
DA:43,0
DA:47,1
DA:48,1
DA:49,1
DA:54,1
DA:56,0
DA:57,0
DA:61,1
LF:31
LH:26
BRDA:7,0,0,1
BRDA:7,0,1,4
BRDA:7,1,0,5
BRDA:7,1,1,5
BRDA:7,1,2,5
BRDA:26,2,0,1
BRDA:26,2,1,0
BRDA:37,3,0,1
BRDA:37,3,1,1
BRF:9
BRH:8
end_of_record
TN:
SF:controllers\ticket.controller.js
FN:3,(anonymous_0)
FN:54,(anonymous_1)
FN:80,(anonymous_2)
FN:96,(anonymous_3)
FNF:4
FNH:4
FNDA:3,(anonymous_0)
FNDA:3,(anonymous_1)
FNDA:2,(anonymous_2)
FNDA:6,(anonymous_3)
DA:1,1
DA:3,1
DA:4,3
DA:5,3
DA:6,3
DA:8,3
DA:9,1
DA:12,2
DA:13,1
DA:16,1
DA:25,1
DA:28,1
DA:29,1
DA:30,1
DA:32,0
DA:36,1
DA:37,1
DA:38,1
DA:39,1
DA:40,0
DA:41,0
DA:44,0
DA:47,1
DA:49,0
DA:50,0
DA:54,1
DA:55,3
DA:56,3
DA:57,3
DA:59,3
DA:60,3
DA:61,3
DA:62,3
DA:64,3
DA:65,1
DA:68,3
DA:73,3
DA:75,0
DA:76,0
DA:80,1
DA:81,2
DA:82,2
DA:83,2
DA:84,2
DA:86,2
DA:87,2
DA:89,1
DA:91,0
DA:92,0
DA:96,1
DA:97,6
DA:98,6
DA:99,6
DA:100,6
DA:102,6
DA:103,1
DA:106,5
DA:107,5
DA:110,5
DA:116,5
DA:118,4
DA:119,2
DA:120,2
DA:121,2
DA:122,2
DA:123,0
DA:126,0
DA:130,4
DA:132,0
DA:133,0
DA:137,1
LF:71
LH:57
BRDA:6,0,0,3
BRDA:6,0,1,3
BRDA:8,1,0,1
BRDA:8,1,1,2
BRDA:8,2,0,3
BRDA:8,2,1,3
BRDA:8,2,2,3
BRDA:8,2,3,2
BRDA:12,3,0,1
BRDA:12,3,1,1
BRDA:12,4,0,2
BRDA:12,4,1,1
BRDA:12,4,2,1
BRDA:12,4,3,1
BRDA:39,5,0,0
BRDA:39,5,1,1
BRDA:40,6,0,0
BRDA:40,6,1,0
BRDA:56,7,0,3
BRDA:56,7,1,3
BRDA:57,8,0,0
BRDA:57,8,1,3
BRDA:59,9,0,3
BRDA:59,9,1,2
BRDA:60,10,0,3
BRDA:60,10,1,2
BRDA:64,11,0,1
BRDA:64,11,1,2
BRDA:64,12,0,3
BRDA:64,12,1,1
BRDA:82,13,0,2
BRDA:82,13,1,2
BRDA:84,14,0,0
BRDA:84,14,1,2
BRDA:87,15,0,1
BRDA:87,15,1,1
BRDA:100,16,0,6
BRDA:100,16,1,6
BRDA:102,17,0,1
BRDA:102,17,1,5
BRDA:102,18,0,6
BRDA:102,18,1,6
BRDA:107,19,0,0
BRDA:107,19,1,5
BRDA:116,20,0,1
BRDA:116,20,1,4
BRDA:118,21,0,2
BRDA:118,21,1,2
BRDA:122,22,0,0
BRDA:122,22,1,2
BRF:50
BRH:43
end_of_record
TN:
SF:middleware\auth.middleware.js
FN:5,(anonymous_0)
FN:32,(anonymous_1)
FN:33,(anonymous_2)
FN:41,(anonymous_3)
FNF:4
FNH:4
FNDA:35,(anonymous_0)
FNDA:18,(anonymous_1)
FNDA:18,(anonymous_2)
FNDA:78,(anonymous_3)
DA:1,4
DA:3,4
DA:5,4
DA:6,35
DA:7,35
DA:8,4
DA:11,31
DA:13,31
DA:14,31
DA:15,29
DA:16,29
DA:17,29
DA:18,29
DA:21,2
DA:22,1
DA:23,1
DA:24,1
DA:25,1
DA:26,1
DA:28,1
DA:32,4
DA:33,18
DA:34,18
DA:35,3
DA:37,15
DA:41,4
DA:42,78
DA:49,4
LF:28
LH:28
BRDA:3,0,0,4
BRDA:3,0,1,4
BRDA:7,1,0,4
BRDA:7,1,1,31
BRDA:7,2,0,35
BRDA:7,2,1,31
BRDA:17,3,0,29
BRDA:17,3,1,29
BRDA:21,4,0,1
BRDA:21,4,1,1
BRDA:21,5,0,2
BRDA:21,5,1,2
BRDA:23,6,0,1
BRDA:23,6,1,0
BRDA:34,7,0,3
BRDA:34,7,1,15
BRDA:41,8,0,76
BRF:17
BRH:16
end_of_record
TN:
SF:middleware\company.middleware.js
FN:4,(anonymous_0)
FNF:1
FNH:1
FNDA:5,(anonymous_0)
DA:1,1
DA:4,1
DA:5,5
DA:6,5
DA:8,5
DA:9,1
DA:12,4
DA:13,4
DA:14,1
DA:17,3
DA:18,1
DA:21,2
DA:22,2
DA:23,2
DA:25,0
DA:26,0
DA:30,1
LF:17
LH:15
BRDA:6,0,0,5
BRDA:6,0,1,2
BRDA:8,1,0,1
BRDA:8,1,1,4
BRDA:13,2,0,1
BRDA:13,2,1,3
BRDA:17,3,0,1
BRDA:17,3,1,2
BRF:8
BRH:8
end_of_record
